
*** Running vivado
    with args -log Display_3482BS_v1_0.vds -m64 -product Vivado -mode batch -messageDb vivado.pb -notrace -source Display_3482BS_v1_0.tcl


****** Vivado v2018.3 (64-bit)
  **** SW Build 2405991 on Thu Dec  6 23:38:27 MST 2018
  **** IP Build 2404404 on Fri Dec  7 01:43:56 MST 2018
    ** Copyright 1986-2018 Xilinx, Inc. All Rights Reserved.

source Display_3482BS_v1_0.tcl -notrace
WARNING: [Board 49-69] Validation failed for board file C:/Xilinx/Vivado/2018.3/data/boards/board_files/Zynq-eame/1.5/board.xml:
 Pin Map file does not provide LOC constraints for leds_5COMP : soceame.wordpress.com:zynq-eame:part0:1.5

CRITICAL WARNING: [Board 49-56] Problem parsing board file - C:/Xilinx/Vivado/2018.3/data/boards/board_files/Zynq-eame/1.5/board.xml
INFO: [IP_Flow 19-234] Refreshing IP repositories
INFO: [IP_Flow 19-1700] Loaded user IP repository 'c:/Users/XD/Documents/OneDrive - Universidad de Alcala/Calculator/Calculator/ip_repo/Display_3482BS_1.0'.
INFO: [IP_Flow 19-1700] Loaded user IP repository 'c:/Users/XD/Documents/OneDrive - Universidad de Alcala/Calculator/Calculator/ip_repo/myip_1.0'.
WARNING: [IP_Flow 19-2248] Failed to load user IP repository 'c:/Users/XD/Documents/OneDrive - Universidad de Alcala/Calculator/Calculator/ip_repo/3482BS_1.0'; Can't find the specified path.
If this directory should no longer be in your list of user repositories, go to the IP Settings dialog and remove it.
WARNING: [IP_Flow 19-2207] Repository 'c:/Users/XD/Documents/OneDrive - Universidad de Alcala/Calculator/Calculator/ip_repo/3482BS_1.0' already exists; ignoring attempt to add it again.
WARNING: [IP_Flow 19-2248] Failed to load user IP repository 'c:/Users/XD/Documents/OneDrive - Universidad de Alcala/Calculator/Calculator/ip_repo/3482BS_1.0'; Can't find the specified path.
If this directory should no longer be in your list of user repositories, go to the IP Settings dialog and remove it.
INFO: [IP_Flow 19-2313] Loaded Vivado IP repository 'C:/Xilinx/Vivado/2018.3/data/ip'.
WARNING: [IP_Flow 19-4995] The host OS only allows 260 characters in a normal path. The IP cache path is more than 80 characters. If you experience issues with IP caching, please consider changing the IP cache to a location with a shorter path. Alternately consider using the OS subst command to map part of the path to a drive letter. 
Current IP cache path is c:/users/xd/documents/onedrive - universidad de alcala/calculator/calculator/calculator/calculator.tmp/display_3482bs_v1_0_project/Display_3482BS_v1_0_project.cache/ip 
Command: synth_design -top Display_3482BS_v1_0 -part xc7z010clg400-1
Starting synth_design
Attempting to get a license for feature 'Synthesis' and/or device 'xc7z010'
INFO: [Common 17-349] Got license for feature 'Synthesis' and/or device 'xc7z010'
INFO: Launching helper process for spawning children vivado processes
INFO: Helper process launched with PID 15232 
---------------------------------------------------------------------------------
Starting Synthesize : Time (s): cpu = 00:00:03 ; elapsed = 00:00:03 . Memory (MB): peak = 392.520 ; gain = 102.695
---------------------------------------------------------------------------------
INFO: [Synth 8-638] synthesizing module 'Display_3482BS_v1_0' [c:/Users/XD/Documents/OneDrive - Universidad de Alcala/Calculator/Calculator/ip_repo/Display_3482BS_1.0/hdl/Display_3482BS_v1_0.vhd:60]
	Parameter frec bound to: 50000 - type: integer 
	Parameter C_S00_AXI_DATA_WIDTH bound to: 32 - type: integer 
	Parameter C_S00_AXI_ADDR_WIDTH bound to: 4 - type: integer 
	Parameter frec bound to: 50000 - type: integer 
	Parameter C_S_AXI_DATA_WIDTH bound to: 32 - type: integer 
	Parameter C_S_AXI_ADDR_WIDTH bound to: 4 - type: integer 
INFO: [Synth 8-3491] module 'Display_3482BS_v1_0_S00_AXI' declared at 'c:/Users/XD/Documents/OneDrive - Universidad de Alcala/Calculator/Calculator/ip_repo/Display_3482BS_1.0/hdl/Display_3482BS_v1_0_S00_AXI.vhd:5' bound to instance 'Display_3482BS_v1_0_S00_AXI_inst' of component 'Display_3482BS_v1_0_S00_AXI' [c:/Users/XD/Documents/OneDrive - Universidad de Alcala/Calculator/Calculator/ip_repo/Display_3482BS_1.0/hdl/Display_3482BS_v1_0.vhd:108]
INFO: [Synth 8-638] synthesizing module 'Display_3482BS_v1_0_S00_AXI' [c:/Users/XD/Documents/OneDrive - Universidad de Alcala/Calculator/Calculator/ip_repo/Display_3482BS_1.0/hdl/Display_3482BS_v1_0_S00_AXI.vhd:96]
	Parameter frec bound to: 50000 - type: integer 
	Parameter C_S_AXI_DATA_WIDTH bound to: 32 - type: integer 
	Parameter C_S_AXI_ADDR_WIDTH bound to: 4 - type: integer 
INFO: [Synth 8-226] default block is never used [c:/Users/XD/Documents/OneDrive - Universidad de Alcala/Calculator/Calculator/ip_repo/Display_3482BS_1.0/hdl/Display_3482BS_v1_0_S00_AXI.vhd:254]
INFO: [Synth 8-226] default block is never used [c:/Users/XD/Documents/OneDrive - Universidad de Alcala/Calculator/Calculator/ip_repo/Display_3482BS_1.0/hdl/Display_3482BS_v1_0_S00_AXI.vhd:384]
ERROR: [Synth 8-5826] no such design unit 'y3482bs' in library 'work' [c:/Users/XD/Documents/OneDrive - Universidad de Alcala/Calculator/Calculator/ip_repo/Display_3482BS_1.0/hdl/Display_3482BS_v1_0_S00_AXI.vhd:418]
ERROR: [Synth 8-285] failed synthesizing module 'Display_3482BS_v1_0_S00_AXI' [c:/Users/XD/Documents/OneDrive - Universidad de Alcala/Calculator/Calculator/ip_repo/Display_3482BS_1.0/hdl/Display_3482BS_v1_0_S00_AXI.vhd:96]
ERROR: [Synth 8-285] failed synthesizing module 'Display_3482BS_v1_0' [c:/Users/XD/Documents/OneDrive - Universidad de Alcala/Calculator/Calculator/ip_repo/Display_3482BS_1.0/hdl/Display_3482BS_v1_0.vhd:60]
---------------------------------------------------------------------------------
Finished Synthesize : Time (s): cpu = 00:00:04 ; elapsed = 00:00:04 . Memory (MB): peak = 448.543 ; gain = 158.719
---------------------------------------------------------------------------------
synthesize failed
INFO: [Common 17-83] Releasing license: Synthesis
11 Infos, 5 Warnings, 1 Critical Warnings and 4 Errors encountered.
synth_design failed
ERROR: [Common 17-69] Command failed: Vivado Synthesis failed
INFO: [Common 17-206] Exiting Vivado at Thu May 13 21:26:01 2021...
