#-----------------------------------------------------------
# Vivado v2018.3 (64-bit)
# SW Build 2405991 on Thu Dec  6 23:38:27 MST 2018
# IP Build 2404404 on Fri Dec  7 01:43:56 MST 2018
# Start of session at: Thu May 13 21:01:01 2021
# Process ID: 19868
# Current directory: C:/Users/XD/Documents/OneDrive - Universidad de Alcala/Calculator/Calculator/calculator
# Command line: vivado.exe -gui_launcher_event rodinguilauncherevent17540 C:\Users\XD\Documents\OneDrive - Universidad de Alcala\Calculator\Calculator\calculator\calculator.xpr
# Log file: C:/Users/XD/Documents/OneDrive - Universidad de Alcala/Calculator/Calculator/calculator/vivado.log
# Journal file: C:/Users/XD/Documents/OneDrive - Universidad de Alcala/Calculator/Calculator/calculator\vivado.jou
#-----------------------------------------------------------
start_gui
open_project {C:/Users/XD/Documents/OneDrive - Universidad de Alcala/Calculator/Calculator/calculator/calculator.xpr}
INFO: [ProjectBase 1-489] The host OS only allows 260 characters in a normal path. The project is stored in a path with more than 80 characters. If you experience issues with IP, Block Designs, or files not being found, please consider moving the project to a location with a shorter path. Alternately consider using the OS subst command to map part of the path to a drive letter.
Current project path is 'C:/Users/XD/Documents/OneDrive - Universidad de Alcala/Calculator/Calculator/calculator'
WARNING: [Board 49-69] Validation failed for board file C:/Xilinx/Vivado/2018.3/data/boards/board_files/Zynq-eame/1.5/board.xml:
 Pin Map file does not provide LOC constraints for leds_5COMP : soceame.wordpress.com:zynq-eame:part0:1.5

CRITICAL WARNING: [Board 49-56] Problem parsing board file - C:/Xilinx/Vivado/2018.3/data/boards/board_files/Zynq-eame/1.5/board.xml
Scanning sources...
Finished scanning sources
WARNING: [filemgmt 56-3] IP Repository Path: Could not find the directory 'C:/Users/XD/Documents/OneDrive - Universidad de Alcala/Calculator/Calculator/ip_repo/3482BS_1.0'.
WARNING: [filemgmt 56-3] IP Repository Path: Could not find the directory 'C:/Users/XD/Documents/OneDrive - Universidad de Alcala/Calculator/Calculator/ip_repo/3482BS_1.0'.
INFO: [IP_Flow 19-234] Refreshing IP repositories
INFO: [IP_Flow 19-1700] Loaded user IP repository 'c:/Users/XD/Documents/OneDrive - Universidad de Alcala/Calculator/Calculator/ip_repo/Display_3482BS_1.0'.
INFO: [IP_Flow 19-1700] Loaded user IP repository 'c:/Users/XD/Documents/OneDrive - Universidad de Alcala/Calculator/Calculator/ip_repo/myip_1.0'.
WARNING: [IP_Flow 19-2248] Failed to load user IP repository 'c:/Users/XD/Documents/OneDrive - Universidad de Alcala/Calculator/Calculator/ip_repo/3482BS_1.0'; Can't find the specified path.
If this directory should no longer be in your list of user repositories, go to the IP Settings dialog and remove it.
WARNING: [IP_Flow 19-2207] Repository 'c:/Users/XD/Documents/OneDrive - Universidad de Alcala/Calculator/Calculator/ip_repo/3482BS_1.0' already exists; ignoring attempt to add it again.
WARNING: [IP_Flow 19-2248] Failed to load user IP repository 'c:/Users/XD/Documents/OneDrive - Universidad de Alcala/Calculator/Calculator/ip_repo/3482BS_1.0'; Can't find the specified path.
If this directory should no longer be in your list of user repositories, go to the IP Settings dialog and remove it.
INFO: [IP_Flow 19-2313] Loaded Vivado IP repository 'C:/Xilinx/Vivado/2018.3/data/ip'.
open_project: Time (s): cpu = 00:00:17 ; elapsed = 00:00:08 . Memory (MB): peak = 697.551 ; gain = 85.656
update_compile_order -fileset sources_1
open_bd_design {C:/Users/XD/Documents/OneDrive - Universidad de Alcala/Calculator/Calculator/calculator/calculator.srcs/sources_1/bd/design_1/design_1.bd}
Successfully read diagram <design_1> from BD file <C:/Users/XD/Documents/OneDrive - Universidad de Alcala/Calculator/Calculator/calculator/calculator.srcs/sources_1/bd/design_1/design_1.bd>
open_bd_design: Time (s): cpu = 00:00:12 ; elapsed = 00:00:08 . Memory (MB): peak = 835.559 ; gain = 81.852
startgroup
create_bd_cell -type ip -vlnv xilinx.com:ip:processing_system7:5.5 processing_system7_0
endgroup
startgroup
create_bd_cell -type ip -vlnv xilinx.com:user:Display_3482BS:1.0 Display_3482BS_0
endgroup
apply_bd_automation -rule xilinx.com:bd_rule:processing_system7 -config {make_external "FIXED_IO, DDR" apply_board_preset "1" Master "Disable" Slave "Disable" }  [get_bd_cells processing_system7_0]
apply_bd_automation -rule xilinx.com:bd_rule:axi4 -config { Clk_master {Auto} Clk_slave {Auto} Clk_xbar {Auto} Master {/processing_system7_0/M_AXI_GP0} Slave {/Display_3482BS_0/S00_AXI} intc_ip {New AXI Interconnect} master_apm {0}}  [get_bd_intf_pins Display_3482BS_0/S00_AXI]
INFO: [Ipptcl 7-1463] No Compatible Board Interface found. Board Tab not created in customize GUI
</Display_3482BS_0/S00_AXI/S00_AXI_reg> is being mapped into </processing_system7_0/Data> at <0x43C00000 [ 64K ]>
set_property location {4.5 1356 -427} [get_bd_cells Display_3482BS_0]
regenerate_bd_layout -routing
ipx::edit_ip_in_project -upgrade true -name Display_3482BS_v1_0_project -directory {C:/Users/XD/Documents/OneDrive\ -\ Universidad\ de\ Alcala/Calculator/Calculator/calculator/calculator.tmp/Display_3482BS_v1_0_project} {c:/Users/XD/Documents/OneDrive - Universidad de Alcala/Calculator/Calculator/ip_repo/Display_3482BS_1.0/component.xml}
INFO: [ProjectBase 1-489] The host OS only allows 260 characters in a normal path. The project is stored in a path with more than 80 characters. If you experience issues with IP, Block Designs, or files not being found, please consider moving the project to a location with a shorter path. Alternately consider using the OS subst command to map part of the path to a drive letter.
Current project path is 'c:/users/xd/documents/onedrive - universidad de alcala/calculator/calculator/calculator/calculator.tmp/display_3482bs_v1_0_project'
INFO: [IP_Flow 19-234] Refreshing IP repositories
INFO: [IP_Flow 19-1704] No user IP repositories specified
INFO: [IP_Flow 19-2313] Loaded Vivado IP repository 'C:/Xilinx/Vivado/2018.3/data/ip'.
create_project: Time (s): cpu = 00:00:14 ; elapsed = 00:00:08 . Memory (MB): peak = 931.473 ; gain = 22.363
INFO: [IP_Flow 19-234] Refreshing IP repositories
INFO: [IP_Flow 19-1700] Loaded user IP repository 'c:/Users/XD/Documents/OneDrive - Universidad de Alcala/Calculator/Calculator/ip_repo/Display_3482BS_1.0'.
INFO: [IP_Flow 19-1700] Loaded user IP repository 'c:/Users/XD/Documents/OneDrive - Universidad de Alcala/Calculator/Calculator/ip_repo/myip_1.0'.
WARNING: [IP_Flow 19-2248] Failed to load user IP repository 'c:/Users/XD/Documents/OneDrive - Universidad de Alcala/Calculator/Calculator/ip_repo/3482BS_1.0'; Can't find the specified path.
If this directory should no longer be in your list of user repositories, go to the IP Settings dialog and remove it.
WARNING: [IP_Flow 19-2207] Repository 'c:/Users/XD/Documents/OneDrive - Universidad de Alcala/Calculator/Calculator/ip_repo/3482BS_1.0' already exists; ignoring attempt to add it again.
WARNING: [IP_Flow 19-2248] Failed to load user IP repository 'c:/Users/XD/Documents/OneDrive - Universidad de Alcala/Calculator/Calculator/ip_repo/3482BS_1.0'; Can't find the specified path.
If this directory should no longer be in your list of user repositories, go to the IP Settings dialog and remove it.
INFO: [IP_Flow 19-795] Syncing license key meta-data
ipx::edit_ip_in_project: Time (s): cpu = 00:00:20 ; elapsed = 00:00:11 . Memory (MB): peak = 1004.145 ; gain = 95.035
update_compile_order -fileset sources_1
add_files -norecurse -copy_to {c:/Users/XD/Documents/OneDrive - Universidad de Alcala/Calculator/Calculator/ip_repo/Display_3482BS_1.0/src} {{C:/Users/XD/Documents/OneDrive - Universidad de Alcala/Calculator/Calculator/ip_repo/Display_3482BS_1.0/hdl/Multiplexor.vhd} {C:/Users/XD/Documents/OneDrive - Universidad de Alcala/Calculator/Calculator/ip_repo/Display_3482BS_1.0/hdl/BCD23482BS.vhd} {C:/Users/XD/Documents/OneDrive - Universidad de Alcala/Calculator/Calculator/ip_repo/Display_3482BS_1.0/hdl/Bin2BCD.vhd} {C:/Users/XD/Documents/OneDrive - Universidad de Alcala/Calculator/Calculator/ip_repo/Display_3482BS_1.0/hdl/reloj.vhd} {C:/Users/XD/Documents/OneDrive - Universidad de Alcala/Calculator/Calculator/ip_repo/Display_3482BS_1.0/hdl/y3482BS.vhd}}
ERROR: [Vivado 12-3630] The destination file 'c:/Users/XD/Documents/OneDrive - Universidad de Alcala/Calculator/Calculator/ip_repo/Display_3482BS_1.0/src/Multiplexor.vhd' already exists, please use -force if you want to overwrite!
add_files -norecurse -copy_to {c:/Users/XD/Documents/OneDrive - Universidad de Alcala/Calculator/Calculator/ip_repo/Display_3482BS_1.0/src} {{C:/Users/XD/Documents/OneDrive - Universidad de Alcala/Calculator/Calculator/ip_repo/Display_3482BS_1.0/src/reloj.vhd} {C:/Users/XD/Documents/OneDrive - Universidad de Alcala/Calculator/Calculator/ip_repo/Display_3482BS_1.0/src/Multiplexor.vhd} {C:/Users/XD/Documents/OneDrive - Universidad de Alcala/Calculator/Calculator/ip_repo/Display_3482BS_1.0/src/y3482BS.vhd} {C:/Users/XD/Documents/OneDrive - Universidad de Alcala/Calculator/Calculator/ip_repo/Display_3482BS_1.0/src/Bin2BCD.vhd} {C:/Users/XD/Documents/OneDrive - Universidad de Alcala/Calculator/Calculator/ip_repo/Display_3482BS_1.0/src/BCD23482BS.vhd}}
ERROR: [Vivado 12-3630] The destination file 'c:/Users/XD/Documents/OneDrive - Universidad de Alcala/Calculator/Calculator/ip_repo/Display_3482BS_1.0/src/reloj.vhd' already exists, please use -force if you want to overwrite!
add_files -norecurse -copy_to {c:/Users/XD/Documents/OneDrive - Universidad de Alcala/Calculator/Calculator/ip_repo/Display_3482BS_1.0/src} {{C:/Users/XD/Documents/OneDrive - Universidad de Alcala/Calculator/Calculator/ip_repo/Display_3482BS_1.0/hdl/Multiplexor.vhd} {C:/Users/XD/Documents/OneDrive - Universidad de Alcala/Calculator/Calculator/ip_repo/Display_3482BS_1.0/hdl/BCD23482BS.vhd} {C:/Users/XD/Documents/OneDrive - Universidad de Alcala/Calculator/Calculator/ip_repo/Display_3482BS_1.0/hdl/Bin2BCD.vhd} {C:/Users/XD/Documents/OneDrive - Universidad de Alcala/Calculator/Calculator/ip_repo/Display_3482BS_1.0/hdl/reloj.vhd} {C:/Users/XD/Documents/OneDrive - Universidad de Alcala/Calculator/Calculator/ip_repo/Display_3482BS_1.0/hdl/y3482BS.vhd}}
update_compile_order -fileset sources_1
update_compile_order -fileset sources_1
ipx::merge_project_changes files [ipx::current_core]
WARNING: [IP_Flow 19-5226] Project source file 'c:/Users/XD/Documents/OneDrive - Universidad de Alcala/Calculator/Calculator/ip_repo/Display_3482BS_1.0/component.xml' ignored by IP packager.
ipx::merge_project_changes hdl_parameters [ipx::current_core]
WARNING: [IP_Flow 19-5226] Project source file 'c:/Users/XD/Documents/OneDrive - Universidad de Alcala/Calculator/Calculator/ip_repo/Display_3482BS_1.0/component.xml' ignored by IP packager.
INFO: [IP_Flow 19-3166] Bus Interface 'S00_AXI': References existing memory map 'S00_AXI'.
set_property value 50000 [ipx::get_user_parameters frec -of_objects [ipx::current_core]]
set_property value 50000 [ipx::get_hdl_parameters frec -of_objects [ipx::current_core]]
set_property value_validation_type pairs [ipx::get_user_parameters frec -of_objects [ipx::current_core]]
set_property value_validation_pairs {1ms 50000 10ms 500000 100ms 5000000} [ipx::get_user_parameters frec -of_objects [ipx::current_core]]
ipgui::add_param -name {frec} -component [ipx::current_core] -display_name {frecuencia} -show_label {true} -show_range {true} -widget {comboBox}
set_property tooltip {frec} [ipgui::get_guiparamspec -name "frec" -component [ipx::current_core] ]
ipgui::remove_param -component [ipx::current_core] [ipgui::get_guiparamspec -name "C_S00_AXI_HIGHADDR" -component [ipx::current_core]]
ipgui::remove_param -component [ipx::current_core] [ipgui::get_guiparamspec -name "C_S00_AXI_BASEADDR" -component [ipx::current_core]]
ipgui::remove_param -component [ipx::current_core] [ipgui::get_guiparamspec -name "C_S00_AXI_ADDR_WIDTH" -component [ipx::current_core]]
ipgui::remove_param -component [ipx::current_core] [ipgui::get_guiparamspec -name "C_S00_AXI_DATA_WIDTH" -component [ipx::current_core]]
ipgui::remove_page -component [ipx::current_core] [ipgui::get_pagespec -name "Page 0" -component [ipx::current_core]]
launch_runs synth_1 -jobs 4
[Thu May 13 21:12:05 2021] Launched synth_1...
Run output will be captured here: c:/users/xd/documents/onedrive - universidad de alcala/calculator/calculator/calculator/calculator.tmp/display_3482bs_v1_0_project/Display_3482BS_v1_0_project.runs/synth_1/runme.log
reset_run synth_1
launch_runs synth_1 -jobs 4
[Thu May 13 21:13:07 2021] Launched synth_1...
Run output will be captured here: c:/users/xd/documents/onedrive - universidad de alcala/calculator/calculator/calculator/calculator.tmp/display_3482bs_v1_0_project/Display_3482BS_v1_0_project.runs/synth_1/runme.log
reset_run synth_1
launch_runs synth_1 -jobs 4
[Thu May 13 21:21:03 2021] Launched synth_1...
Run output will be captured here: c:/users/xd/documents/onedrive - universidad de alcala/calculator/calculator/calculator/calculator.tmp/display_3482bs_v1_0_project/Display_3482BS_v1_0_project.runs/synth_1/runme.log
reset_run synth_1
launch_runs synth_1 -jobs 4
[Thu May 13 21:22:07 2021] Launched synth_1...
Run output will be captured here: c:/users/xd/documents/onedrive - universidad de alcala/calculator/calculator/calculator/calculator.tmp/display_3482bs_v1_0_project/Display_3482BS_v1_0_project.runs/synth_1/runme.log
reset_run synth_1
launch_runs synth_1 -jobs 4
[Thu May 13 21:23:54 2021] Launched synth_1...
Run output will be captured here: c:/users/xd/documents/onedrive - universidad de alcala/calculator/calculator/calculator/calculator.tmp/display_3482bs_v1_0_project/Display_3482BS_v1_0_project.runs/synth_1/runme.log
reset_run synth_1
launch_runs synth_1 -jobs 4
[Thu May 13 21:25:47 2021] Launched synth_1...
Run output will be captured here: c:/users/xd/documents/onedrive - universidad de alcala/calculator/calculator/calculator/calculator.tmp/display_3482bs_v1_0_project/Display_3482BS_v1_0_project.runs/synth_1/runme.log
close_project
exit
INFO: [Common 17-206] Exiting Vivado at Thu May 13 21:26:50 2021...
