#-----------------------------------------------------------
# Vivado v2018.3 (64-bit)
# SW Build 2405991 on Thu Dec  6 23:38:27 MST 2018
# IP Build 2404404 on Fri Dec  7 01:43:56 MST 2018
# Start of session at: Fri May 14 13:37:03 2021
# Process ID: 15524
# Current directory: C:/Users/XD/Documents/OneDrive - Universidad de Alcala/Calculator/Calculator/ip_repo
# Command line: vivado.exe -gui_launcher_event rodinguilauncherevent19248 C:\Users\XD\Documents\OneDrive - Universidad de Alcala\Calculator\Calculator\ip_repo\edit_prueba_v1_0.xpr
# Log file: C:/Users/XD/Documents/OneDrive - Universidad de Alcala/Calculator/Calculator/ip_repo/vivado.log
# Journal file: C:/Users/XD/Documents/OneDrive - Universidad de Alcala/Calculator/Calculator/ip_repo\vivado.jou
#-----------------------------------------------------------
start_gui
open_project {C:/Users/XD/Documents/OneDrive - Universidad de Alcala/Calculator/Calculator/ip_repo/edit_prueba_v1_0.xpr}
INFO: [ProjectBase 1-489] The host OS only allows 260 characters in a normal path. The project is stored in a path with more than 80 characters. If you experience issues with IP, Block Designs, or files not being found, please consider moving the project to a location with a shorter path. Alternately consider using the OS subst command to map part of the path to a drive letter.
Current project path is 'C:/Users/XD/Documents/OneDrive - Universidad de Alcala/Calculator/Calculator/ip_repo'
WARNING: [Board 49-69] Validation failed for board file C:/Xilinx/Vivado/2018.3/data/boards/board_files/Zynq-eame/1.5/board.xml:
 Pin Map file does not provide LOC constraints for leds_5COMP : soceame.wordpress.com:zynq-eame:part0:1.5

CRITICAL WARNING: [Board 49-56] Problem parsing board file - C:/Xilinx/Vivado/2018.3/data/boards/board_files/Zynq-eame/1.5/board.xml
Scanning sources...
Finished scanning sources
WARNING: [filemgmt 56-3] IP Repository Path: Could not find the directory 'C:/Users/XD/Documents/OneDrive - Universidad de Alcala/Calculator/Calculator/ip_repo/myip_1.0'.
WARNING: [filemgmt 56-3] IP Repository Path: Could not find the directory 'C:/Users/XD/Documents/OneDrive - Universidad de Alcala/Calculator/Calculator/ip_repo/3482BS_1.0'.
WARNING: [filemgmt 56-3] IP Repository Path: Could not find the directory 'C:/Users/XD/Documents/OneDrive - Universidad de Alcala/Calculator/Calculator/ip_repo/3482BS_1.0'.
INFO: [IP_Flow 19-234] Refreshing IP repositories
CRITICAL WARNING: [IP_Flow 19-1977] Unable to read IP file c:/Users/XD/Documents/OneDrive - Universidad de Alcala/Calculator/Calculator/ip_repo/prueba_1.0/component.xml. This IP will not be included in the IP Catalog.
INFO: [IP_Flow 19-1700] Loaded user IP repository 'c:/Users/XD/Documents/OneDrive - Universidad de Alcala/Calculator/Calculator/ip_repo/prueba_1.0'.
INFO: [IP_Flow 19-1700] Loaded user IP repository 'c:/Users/XD/Documents/OneDrive - Universidad de Alcala/Calculator/Calculator/ip_repo/Display_3482BS_1.0'.
WARNING: [IP_Flow 19-2248] Failed to load user IP repository 'c:/Users/XD/Documents/OneDrive - Universidad de Alcala/Calculator/Calculator/ip_repo/myip_1.0'; Can't find the specified path.
If this directory should no longer be in your list of user repositories, go to the IP Settings dialog and remove it.
WARNING: [IP_Flow 19-2248] Failed to load user IP repository 'c:/Users/XD/Documents/OneDrive - Universidad de Alcala/Calculator/Calculator/ip_repo/3482BS_1.0'; Can't find the specified path.
If this directory should no longer be in your list of user repositories, go to the IP Settings dialog and remove it.
WARNING: [IP_Flow 19-2207] Repository 'c:/Users/XD/Documents/OneDrive - Universidad de Alcala/Calculator/Calculator/ip_repo/3482BS_1.0' already exists; ignoring attempt to add it again.
WARNING: [IP_Flow 19-2248] Failed to load user IP repository 'c:/Users/XD/Documents/OneDrive - Universidad de Alcala/Calculator/Calculator/ip_repo/3482BS_1.0'; Can't find the specified path.
If this directory should no longer be in your list of user repositories, go to the IP Settings dialog and remove it.
INFO: [IP_Flow 19-2313] Loaded Vivado IP repository 'C:/Xilinx/Vivado/2018.3/data/ip'.
open_project: Time (s): cpu = 00:00:20 ; elapsed = 00:00:08 . Memory (MB): peak = 726.562 ; gain = 95.074
update_compile_order -fileset sources_1
exit
INFO: [Common 17-206] Exiting Vivado at Fri May 14 13:37:52 2021...
